<?xml version="1.0" encoding="UTF-8"?>
<!-- Generated by org.testng.reporters.JUnitXMLReporter -->
<testsuite ignored="6" hostname="DESKTOP-OJ7HGSR" failures="0" tests="1" name="Default test" time="2.674" errors="0" timestamp="2023-06-29T10:34:51 EET">
  <testcase classname="visitingWebsites" name="alerts" time="1.662"/>
  <testcase classname="visitingWebsites" name="frames" time="0.0">
    <ignored/>
  </testcase> <!-- frames -->
  <testcase classname="visitingWebsites" name="waits" time="0.0">
    <ignored/>
  </testcase> <!-- waits -->
  <testcase classname="visitingWebsites" name="findElementBy" time="0.0">
    <ignored/>
  </testcase> <!-- findElementBy -->
  <testcase classname="visitingWebsites" name="multiWindows" time="0.0">
    <ignored/>
  </testcase> <!-- multiWindows -->
  <testcase classname="visitingWebsites" name="controlScreen" time="0.0">
    <ignored/>
  </testcase> <!-- controlScreen -->
  <testcase classname="visitingWebsites" name="interactWithBrowser_section5" time="0.0">
    <ignored/>
  </testcase> <!-- interactWithBrowser_section5 -->
</testsuite> <!-- Default test -->
